Deploying fn-kafka-app-send-func to app: fn-kafka-app
Building image iad.ocir.io/oracle-serverless-devrel/workshop-137/fn-kafka-app-send-func:0.0.1 
FN_REGISTRY:  iad.ocir.io/oracle-serverless-devrel/workshop-137
Current Context:  workshop
Sending build context to Docker daemon  17.92kB
Step 1/11 : FROM oracle_kafka_docker as build-stage
 ---> fd66f4634643
Step 2/11 : WORKDIR /function
 ---> Using cache
 ---> 8b189660dbc2
Step 3/11 : ENV MAVEN_OPTS -Dhttp.proxyHost= -Dhttp.proxyPort= -Dhttps.proxyHost= -Dhttps.proxyPort= -Dhttp.nonProxyHosts= -Dmaven.repo.local=/usr/share/maven/ref/repository
 ---> Using cache
 ---> 4df999afd41f
Step 4/11 : ADD pom.xml /function/pom.xml
 ---> Using cache
 ---> 6ef55b3a17f5
Step 5/11 : RUN ["mvn", "package", "dependency:copy-dependencies", "-DincludeScope=runtime", "-DskipTests=true", "-Dmdep.prependGroupId=true", "-DoutputDirectory=target", "--fail-never"]
 ---> Using cache
 ---> 6cbf408fa635
Step 6/11 : ADD src /function/src
 ---> Using cache
 ---> ee712825c5b7
Step 7/11 : RUN ["mvn", "package"]
 ---> Using cache
 ---> ffc824e6bee4
Step 8/11 : FROM fnproject/fn-java-fdk:jdk9-1.0.63
 ---> 83630ca3aaf2
Step 9/11 : WORKDIR /function
 ---> Using cache
 ---> 70befafd452e
Step 10/11 : COPY --from=build-stage /function/target/*.jar /function/app/
 ---> Using cache
 ---> 6ef25c8d2ab5
Step 11/11 : CMD ["fntom.example.SendEmployeeFunction::handle"]
 ---> Using cache
 ---> ad1bf68ca0a7
Successfully built ad1bf68ca0a7
Successfully tagged iad.ocir.io/oracle-serverless-devrel/workshop-137/fn-kafka-app-send-func:0.0.1

Pushing iad.ocir.io/oracle-serverless-devrel/workshop-137/fn-kafka-app-send-func:0.0.1 to docker registry...The push refers to repository [iad.ocir.io/oracle-serverless-devrel/workshop-137/fn-kafka-app-send-func]
372e243f79b5: Preparing
8223a1b55a86: Preparing
2432148d9feb: Preparing
3cc1a77d8b27: Preparing
122cdf08c91d: Preparing
66aebc17bc3e: Preparing
f09cafce9b15: Preparing
b793db6df991: Preparing
66aebc17bc3e: Waiting
f09cafce9b15: Waiting
b793db6df991: Waiting
122cdf08c91d: Layer already exists
8223a1b55a86: Layer already exists
2432148d9feb: Layer already exists
b793db6df991: Layer already exists
66aebc17bc3e: Layer already exists
3cc1a77d8b27: Layer already exists
f09cafce9b15: Layer already exists
372e243f79b5: Pushed
0.0.1: digest: sha256:1209d742343e30464a5e5f54b3a103ccf2767b42c6bcb45afbf4addb9c621f01 size: 1999
Updating function fn-kafka-app-send-func using image iad.ocir.io/oracle-serverless-devrel/workshop-137/fn-kafka-app-send-func:0.0.1...

Fn: [PUT /fns/{fnID}][500] UpdateFn default  &{Fields: Message:Failed to validate container image}

See 'fn <command> --help' for more information. Client version: 0.4.153
